<?xml version="1.0" encoding="UTF-8"?>
<!-- Generated by org.testng.reporters.JUnitXMLReporter -->
<testsuite ignored="1" hostname="DESKTOP-LDIQ5RT" failures="0" tests="3" name="Carloan" time="0.192" errors="0" timestamp="2020-12-02T20:30:53 IST">
  <testcase classname="qaclickacademy.Mavenjava.AppiumTest" name="Appiumtestcase2" time="0.032"/>
  <testcase classname="qaclickacademy.Mavenjava.SeleniumTest" name="BrowserAutomation" time="0.008"/>
  <testcase classname="qaclickacademy.Mavenjava.SeleniumTest" name="ElementUi" time="0.024"/>
  <testcase classname="qaclickacademy.Mavenjava.AppiumTest" name="Appiumtestcase1" time="0.0">
    <ignored/>
  </testcase> <!-- Appiumtestcase1 -->
</testsuite> <!-- Carloan -->
