<?xml version="1.0" encoding="UTF-8"?>
<!-- Generated by org.testng.reporters.JUnitXMLReporter -->
<testsuite ignored="1" hostname="DESKTOP-LDIQ5RT" failures="0" tests="1" name="personalloan" time="0.016" errors="0" timestamp="2020-12-02T20:30:53 IST">
  <testcase classname="qaclickacademy.Mavenjava.AppiumTest" name="Appiumtestcase2" time="0.0"/>
  <testcase classname="qaclickacademy.Mavenjava.AppiumTest" name="Appiumtestcase1" time="0.0">
    <ignored/>
  </testcase> <!-- Appiumtestcase1 -->
</testsuite> <!-- personalloan -->
