<?xml version="1.0" encoding="UTF-8"?>
<!-- Generated by org.testng.reporters.JUnitXMLReporter -->
<testsuite ignored="0" hostname="DESKTOP-LDIQ5RT" failures="0" tests="5" name="Test" time="0.085" errors="0" timestamp="2021-04-24T20:01:03 IST">
  <testcase classname="qaclickacademy.Mavenjava.AppiumTest" name="Appiumtestcase2" time="0.008"/>
  <testcase classname="qaclickacademy.Mavenjava.RestApiTest" name="RestApitestcase1" time="0.0"/>
  <testcase classname="qaclickacademy.Mavenjava.RestApiTest" name="RestApitestcase2" time="0.001"/>
  <testcase classname="qaclickacademy.Mavenjava.SeleniumTest" name="BrowserAutomation" time="0.001"/>
  <testcase classname="qaclickacademy.Mavenjava.SeleniumTest" name="ElementUi" time="0.001"/>
</testsuite> <!-- Test -->
