<?xml version="1.0" encoding="UTF-8"?>
<testng-results ignored="0" total="5" passed="5" failed="0" skipped="0">
  <reporter-output>
  </reporter-output>
  <suite started-at="2021-04-24T20:01:03 IST" name="Suite" finished-at="2021-04-24T20:01:03 IST" duration-ms="85">
    <groups>
    </groups>
    <test started-at="2021-04-24T20:01:03 IST" name="Test" finished-at="2021-04-24T20:01:03 IST" duration-ms="85">
      <class name="qaclickacademy.Mavenjava.AppiumTest">
        <test-method signature="Appiumtestcase2()[pri:0, instance:qaclickacademy.Mavenjava.AppiumTest@6db9f5a4]" started-at="2021-04-24T20:01:03 IST" name="Appiumtestcase2" finished-at="2021-04-24T20:01:03 IST" duration-ms="8" status="PASS">
          <reporter-output>
          </reporter-output>
        </test-method> <!-- Appiumtestcase2 -->
      </class> <!-- qaclickacademy.Mavenjava.AppiumTest -->
      <class name="qaclickacademy.Mavenjava.RestApiTest">
        <test-method signature="RestApitestcase1()[pri:0, instance:qaclickacademy.Mavenjava.RestApiTest@5f8edcc5]" started-at="2021-04-24T20:01:03 IST" name="RestApitestcase1" finished-at="2021-04-24T20:01:03 IST" duration-ms="0" status="PASS">
          <reporter-output>
          </reporter-output>
        </test-method> <!-- RestApitestcase1 -->
        <test-method signature="RestApitestcase2()[pri:0, instance:qaclickacademy.Mavenjava.RestApiTest@5f8edcc5]" started-at="2021-04-24T20:01:03 IST" name="RestApitestcase2" finished-at="2021-04-24T20:01:03 IST" duration-ms="1" status="PASS">
          <reporter-output>
          </reporter-output>
        </test-method> <!-- RestApitestcase2 -->
      </class> <!-- qaclickacademy.Mavenjava.RestApiTest -->
      <class name="qaclickacademy.Mavenjava.SeleniumTest">
        <test-method signature="BrowserAutomation()[pri:0, instance:qaclickacademy.Mavenjava.SeleniumTest@7b02881e]" started-at="2021-04-24T20:01:03 IST" name="BrowserAutomation" finished-at="2021-04-24T20:01:03 IST" duration-ms="1" status="PASS">
          <reporter-output>
          </reporter-output>
        </test-method> <!-- BrowserAutomation -->
        <test-method signature="ElementUi()[pri:0, instance:qaclickacademy.Mavenjava.SeleniumTest@7b02881e]" started-at="2021-04-24T20:01:03 IST" name="ElementUi" finished-at="2021-04-24T20:01:03 IST" duration-ms="1" status="PASS">
          <reporter-output>
          </reporter-output>
        </test-method> <!-- ElementUi -->
      </class> <!-- qaclickacademy.Mavenjava.SeleniumTest -->
    </test> <!-- Test -->
  </suite> <!-- Suite -->
</testng-results>
