<?xml version="1.0" encoding="UTF-8"?>
<testng-results ignored="0" total="5" passed="5" failed="0" skipped="0">
  <reporter-output>
  </reporter-output>
  <suite started-at="2021-04-24T20:00:06 IST" name="Suite" finished-at="2021-04-24T20:00:06 IST" duration-ms="116">
    <groups>
    </groups>
    <test started-at="2021-04-24T20:00:06 IST" name="Test" finished-at="2021-04-24T20:00:06 IST" duration-ms="116">
      <class name="qaclickacademy.Mavenjava.AppiumTest">
        <test-method signature="Appiumtestcase2()[pri:0, instance:qaclickacademy.Mavenjava.AppiumTest@355ce81c]" started-at="2021-04-24T20:00:06 IST" name="Appiumtestcase2" finished-at="2021-04-24T20:00:06 IST" duration-ms="17" status="PASS">
          <reporter-output>
          </reporter-output>
        </test-method> <!-- Appiumtestcase2 -->
      </class> <!-- qaclickacademy.Mavenjava.AppiumTest -->
      <class name="qaclickacademy.Mavenjava.RestApiTest">
        <test-method signature="RestApitestcase1()[pri:0, instance:qaclickacademy.Mavenjava.RestApiTest@29647f75]" started-at="2021-04-24T20:00:06 IST" name="RestApitestcase1" finished-at="2021-04-24T20:00:06 IST" duration-ms="2" status="PASS">
          <reporter-output>
          </reporter-output>
        </test-method> <!-- RestApitestcase1 -->
        <test-method signature="RestApitestcase2()[pri:0, instance:qaclickacademy.Mavenjava.RestApiTest@29647f75]" started-at="2021-04-24T20:00:06 IST" name="RestApitestcase2" finished-at="2021-04-24T20:00:06 IST" duration-ms="3" status="PASS">
          <reporter-output>
          </reporter-output>
        </test-method> <!-- RestApitestcase2 -->
      </class> <!-- qaclickacademy.Mavenjava.RestApiTest -->
      <class name="qaclickacademy.Mavenjava.SeleniumTest">
        <test-method signature="BrowserAutomation()[pri:0, instance:qaclickacademy.Mavenjava.SeleniumTest@3315d2d7]" started-at="2021-04-24T20:00:06 IST" name="BrowserAutomation" finished-at="2021-04-24T20:00:06 IST" duration-ms="6" status="PASS">
          <reporter-output>
          </reporter-output>
        </test-method> <!-- BrowserAutomation -->
        <test-method signature="ElementUi()[pri:0, instance:qaclickacademy.Mavenjava.SeleniumTest@3315d2d7]" started-at="2021-04-24T20:00:06 IST" name="ElementUi" finished-at="2021-04-24T20:00:06 IST" duration-ms="4" status="PASS">
          <reporter-output>
          </reporter-output>
        </test-method> <!-- ElementUi -->
      </class> <!-- qaclickacademy.Mavenjava.SeleniumTest -->
    </test> <!-- Test -->
  </suite> <!-- Suite -->
</testng-results>
